#
# There is insufficient memory for the Java Runtime Environment to continue.
# Native memory allocation (malloc) failed to allocate 101136 bytes for Chunk::new
# Possible reasons:
#   The system is out of physical RAM or swap space
#   In 32 bit mode, the process size limit was hit
# Possible solutions:
#   Reduce memory load on the system
#   Increase physical memory or swap space
#   Check if swap backing store is full
#   Use 64 bit Java on a 64 bit OS
#   Decrease Java heap size (-Xmx/-Xms)
#   Decrease number of Java threads
#   Decrease Java thread stack sizes (-Xss)
#   Set larger code cache with -XX:ReservedCodeCacheSize=
# This output file may be truncated or incomplete.
#
#  Out of Memory Error (allocation.cpp:390), pid=13484, tid=13544
#
# JRE version: Java(TM) SE Runtime Environment (8.0_60-b27) (build 1.8.0_60-b27)
# Java VM: Java HotSpot(TM) 64-Bit Server VM (25.60-b23 mixed mode windows-amd64 compressed oops)
# Failed to write core dump. Minidumps are not enabled by default on client versions of Windows
#

---------------  T H R E A D  ---------------

Current thread (0x0000000054be8000):  JavaThread "C2 CompilerThread0" daemon [_thread_in_native, id=13544, stack(0x0000000055d90000,0x0000000055e90000)]

Stack: [0x0000000055d90000,0x0000000055e90000]
[error occurred during error reporting (printing stack bounds), id 0xc0000005]

Native frames: (J=compiled Java code, j=interpreted, Vv=VM code, C=native code)


Current CompileTask:
C2:  13493  458       4       java.lang.String::toLowerCase (439 bytes)


---------------  P R O C E S S  ---------------

Java Threads: ( => current thread )
  0x0000000055fb5800 JavaThread "TimerQueue" daemon [_thread_blocked, id=13592, stack(0x0000000058410000,0x0000000058510000)]
  0x0000000055fb4000 JavaThread "DestroyJavaVM" [_thread_blocked, id=13512, stack(0x00000000022a0000,0x00000000023a0000)]
  0x0000000055fb3800 JavaThread "AWT-EventQueue-0" [_thread_blocked, id=13572, stack(0x0000000056ad0000,0x0000000056bd0000)]
  0x0000000055fb2800 JavaThread "AWT-Windows" daemon [_thread_in_native, id=13568, stack(0x0000000056890000,0x0000000056990000)]
  0x0000000055fb2000 JavaThread "AWT-Shutdown" [_thread_blocked, id=13564, stack(0x0000000056780000,0x0000000056880000)]
  0x0000000055fb1000 JavaThread "Java2D Disposer" daemon [_thread_blocked, id=13560, stack(0x00000000563c0000,0x00000000564c0000)]
  0x0000000055fb0800 JavaThread "Service Thread" daemon [_thread_blocked, id=13552, stack(0x00000000564e0000,0x00000000565e0000)]
  0x0000000054bf2000 JavaThread "C1 CompilerThread1" daemon [_thread_blocked, id=13548, stack(0x0000000055e90000,0x0000000055f90000)]
=>0x0000000054be8000 JavaThread "C2 CompilerThread0" daemon [_thread_in_native, id=13544, stack(0x0000000055d90000,0x0000000055e90000)]
  0x0000000054be6000 JavaThread "Attach Listener" daemon [_thread_blocked, id=13540, stack(0x0000000055b50000,0x0000000055c50000)]
  0x0000000054be4800 JavaThread "Signal Dispatcher" daemon [_thread_blocked, id=13536, stack(0x0000000055900000,0x0000000055a00000)]
  0x0000000054b86000 JavaThread "Finalizer" daemon [_thread_blocked, id=13532, stack(0x0000000055a00000,0x0000000055b00000)]
  0x0000000054b84800 JavaThread "Reference Handler" daemon [_thread_blocked, id=13528, stack(0x0000000055800000,0x0000000055900000)]

Other Threads:
  0x0000000054b7c800 VMThread [stack: 0x0000000055570000,0x0000000055670000] [id=13524]
  0x0000000055fd4000 WatcherThread [stack: 0x0000000056630000,0x0000000056730000] [id=13556]

VM state:not at safepoint (normal execution)

VM Mutex/Monitor currently owned by a thread: None

Heap:
 PSYoungGen      total 18944K, used 4519K [0x00000000eb300000, 0x00000000ec800000, 0x0000000100000000)
  eden space 16384K, 27% used [0x00000000eb300000,0x00000000eb769fe0,0x00000000ec300000)
  from space 2560K, 0% used [0x00000000ec300000,0x00000000ec300000,0x00000000ec580000)
  to   space 2560K, 0% used [0x00000000ec580000,0x00000000ec580000,0x00000000ec800000)
 ParOldGen       total 37376K, used 3493K [0x00000000c1800000, 0x00000000c3c80000, 0x00000000eb300000)
  object space 37376K, 9% used [0x00000000c1800000,0x00000000c1b69788,0x00000000c3c80000)
 Metaspace       used 8969K, capacity 9132K, committed 9472K, reserved 1062912K
  class space    used 1108K, capacity 1188K, committed 1280K, reserved 1048576K

Card table byte_map: [0x0000000011a30000,0x0000000011c30000] byte_map_base: 0x0000000011424000

Marking Bits: (ParMarkBitMap*) 0x000000006d10a5b0
 Begin Bits: [0x0000000012110000, 0x00000000130b0000)
 End Bits:   [0x00000000130b0000, 0x0000000014050000)

Polling page: 0x0000000000320000

CodeCache: size=245760Kb used=2048Kb max_used=2048Kb free=243711Kb
 bounds [0x0000000002670000, 0x00000000028e0000, 0x0000000011670000]
 total_blobs=941 nmethods=494 adapters=362
 compilation: enabled

Compilation events (10 events):
Event: 13.450 Thread 0x0000000054bf2000  483       3       java.nio.Buffer::hasRemaining (17 bytes)
Event: 13.450 Thread 0x0000000054bf2000 nmethod 483 0x000000000286ae50 code [0x000000000286afa0, 0x000000000286b150]
Event: 13.450 Thread 0x0000000054bf2000  484       3       java.nio.Buffer::nextPutIndex (31 bytes)
Event: 13.450 Thread 0x0000000054bf2000 nmethod 484 0x000000000286b1d0 code [0x000000000286b340, 0x000000000286b548]
Event: 13.450 Thread 0x0000000054bf2000  485       3       sun.nio.cs.UnicodeDecoder::decode (24 bytes)
Event: 13.450 Thread 0x0000000054bf2000 nmethod 485 0x000000000286b610 code [0x000000000286b760, 0x000000000286b910]
Event: 13.450 Thread 0x0000000054bf2000  486       3       java.lang.Character::isSurrogate (18 bytes)
Event: 13.450 Thread 0x0000000054bf2000 nmethod 486 0x000000000286b990 code [0x000000000286bae0, 0x000000000286bcb0]
Event: 13.450 Thread 0x0000000054bf2000  487       3       java.nio.HeapCharBuffer::put (16 bytes)
Event: 13.451 Thread 0x0000000054bf2000 nmethod 487 0x000000000286bd10 code [0x000000000286bea0, 0x000000000286c248]

GC Heap History (4 events):
Event: 0.379 GC heap before
{Heap before GC invocations=1 (full 0):
 PSYoungGen      total 18944K, used 6763K [0x00000000eb300000, 0x00000000ec800000, 0x0000000100000000)
  eden space 16384K, 41% used [0x00000000eb300000,0x00000000eb99ac00,0x00000000ec300000)
  from space 2560K, 0% used [0x00000000ec580000,0x00000000ec580000,0x00000000ec800000)
  to   space 2560K, 0% used [0x00000000ec300000,0x00000000ec300000,0x00000000ec580000)
 ParOldGen       total 44032K, used 0K [0x00000000c1800000, 0x00000000c4300000, 0x00000000eb300000)
  object space 44032K, 0% used [0x00000000c1800000,0x00000000c1800000,0x00000000c4300000)
 Metaspace       used 6645K, capacity 6752K, committed 6784K, reserved 1062912K
  class space    used 797K, capacity 866K, committed 896K, reserved 1048576K
Event: 0.384 GC heap after
Heap after GC invocations=1 (full 0):
 PSYoungGen      total 18944K, used 2306K [0x00000000eb300000, 0x00000000ec800000, 0x0000000100000000)
  eden space 16384K, 0% used [0x00000000eb300000,0x00000000eb300000,0x00000000ec300000)
  from space 2560K, 90% used [0x00000000ec300000,0x00000000ec540810,0x00000000ec580000)
  to   space 2560K, 0% used [0x00000000ec580000,0x00000000ec580000,0x00000000ec800000)
 ParOldGen       total 44032K, used 1258K [0x00000000c1800000, 0x00000000c4300000, 0x00000000eb300000)
  object space 44032K, 2% used [0x00000000c1800000,0x00000000c193a810,0x00000000c4300000)
 Metaspace       used 6645K, capacity 6752K, committed 6784K, reserved 1062912K
  class space    used 797K, capacity 866K, committed 896K, reserved 1048576K
}
Event: 0.384 GC heap before
{Heap before GC invocations=2 (full 1):
 PSYoungGen      total 18944K, used 2306K [0x00000000eb300000, 0x00000000ec800000, 0x0000000100000000)
  eden space 16384K, 0% used [0x00000000eb300000,0x00000000eb300000,0x00000000ec300000)
  from space 2560K, 90% used [0x00000000ec300000,0x00000000ec540810,0x00000000ec580000)
  to   space 2560K, 0% used [0x00000000ec580000,0x00000000ec580000,0x00000000ec800000)
 ParOldGen       total 44032K, used 1258K [0x00000000c1800000, 0x00000000c4300000, 0x00000000eb300000)
  object space 44032K, 2% used [0x00000000c1800000,0x00000000c193a810,0x00000000c4300000)
 Metaspace       used 6645K, capacity 6752K, committed 6784K, reserved 1062912K
  class space    used 797K, capacity 866K, committed 896K, reserved 1048576K
Event: 0.512 GC heap after
Heap after GC invocations=2 (full 1):
 PSYoungGen      total 18944K, used 0K [0x00000000eb300000, 0x00000000ec800000, 0x0000000100000000)
  eden space 16384K, 0% used [0x00000000eb300000,0x00000000eb300000,0x00000000ec300000)
  from space 2560K, 0% used [0x00000000ec300000,0x00000000ec300000,0x00000000ec580000)
  to   space 2560K, 0% used [0x00000000ec580000,0x00000000ec580000,0x00000000ec800000)
 ParOldGen       total 37376K, used 3493K [0x00000000c1800000, 0x00000000c3c80000, 0x00000000eb300000)
  object space 37376K, 9% used [0x00000000c1800000,0x00000000c1b69788,0x00000000c3c80000)
 Metaspace       used 6645K, capacity 6752K, committed 6784K, reserved 1060864K
  class space    used 797K, capacity 866K, committed 896K, reserved 1048576K
}

Deoptimization events (1 events):
Event: 0.343 Thread 0x0000000055fb3800 Uncommon trap: reason=null_check action=make_not_entrant pc=0x00000000027e878c method=java.lang.String.equals(Ljava/lang/Object;)Z @ 8

Internal exceptions (10 events):
Event: 0.051 Thread 0x000000000220d800 Exception <a 'java/lang/NoSuchMethodError': Method sun.misc.Unsafe.prefetchRead(Ljava/lang/Object;J)V name or signature does not match> (0x00000000eb313398) thrown at [C:\re\workspace\8-2-build-windows-amd64-cygwin\jdk8u60\4407\hotspot\src\share\vm\prims\jæy¸½ÓaÀ?
Event: 0.128 Thread 0x000000000220d800 Exception <a 'java/security/PrivilegedActionException'> (0x00000000eb3d5f30) thrown at [C:\re\workspace\8-2-build-windows-amd64-cygwin\jdk8u60\4407\hotspot\src\share\vm\prims\jvm.cpp, line 1386]
Event: 0.128 Thread 0x000000000220d800 Exception <a 'java/security/PrivilegedActionException'> (0x00000000eb3d6140) thrown at [C:\re\workspace\8-2-build-windows-amd64-cygwin\jdk8u60\4407\hotspot\src\share\vm\prims\jvm.cpp, line 1386]
Event: 0.129 Thread 0x000000000220d800 Exception <a 'java/security/PrivilegedActionException'> (0x00000000eb3d9ce8) thrown at [C:\re\workspace\8-2-build-windows-amd64-cygwin\jdk8u60\4407\hotspot\src\share\vm\prims\jvm.cpp, line 1386]
Event: 0.129 Thread 0x000000000220d800 Exception <a 'java/security/PrivilegedActionException'> (0x00000000eb3d9ef8) thrown at [C:\re\workspace\8-2-build-windows-amd64-cygwin\jdk8u60\4407\hotspot\src\share\vm\prims\jvm.cpp, line 1386]
Event: 0.132 Thread 0x000000000220d800 Exception <a 'java/io/FileNotFoundException'> (0x00000000eb3dc540) thrown at [C:\re\workspace\8-2-build-windows-amd64-cygwin\jdk8u60\4407\hotspot\src\share\vm\prims\jni.cpp, line 709]
Event: 0.177 Thread 0x000000000220d800 Exception <a 'java/lang/NoSuchFieldError': method resolution failed> (0x00000000eb4fcf38) thrown at [C:\re\workspace\8-2-build-windows-amd64-cygwin\jdk8u60\4407\hotspot\src\share\vm\prims\methodHandles.cpp, line 1146]
Event: 0.186 Thread 0x000000000220d800 Exception <a 'java/lang/NoSuchFieldError': method resolution failed> (0x00000000eb50a308) thrown at [C:\re\workspace\8-2-build-windows-amd64-cygwin\jdk8u60\4407\hotspot\src\share\vm\prims\methodHandles.cpp, line 1146]
Event: 0.253 Thread 0x0000000055fb3800 Exception <a 'java/io/FileNotFoundException'> (0x00000000eb640470) thrown at [C:\re\workspace\8-2-build-windows-amd64-cygwin\jdk8u60\4407\hotspot\src\share\vm\prims\jni.cpp, line 709]
Event: 0.343 Thread 0x0000000055fb3800 Implicit null exception at 0x00000000027e85cb to 0x00000000027e877d

Events (10 events):
Event: 13.442 loading class java/nio/ByteBufferAsShortBufferB
Event: 13.442 loading class java/nio/ShortBuffer
Event: 13.442 loading class java/nio/ShortBuffer done
Event: 13.442 loading class java/nio/ByteBufferAsShortBufferB done
Event: 13.442 loading class sun/nio/cs/UTF_16$Decoder
Event: 13.442 loading class sun/nio/cs/UnicodeDecoder
Event: 13.442 loading class sun/nio/cs/UnicodeDecoder done
Event: 13.442 loading class sun/nio/cs/UTF_16$Decoder done
Event: 13.451 loading class sun/font/FontStrikeDesc
Event: 13.451 loading class sun/font/FontStrikeDesc done


Dynamic libraries:
0x000000013f7f0000 - 0x000000013f827000 	C:\Program Files\Java\jre1.8.0_60\bin\javaw.exe
0x0000000077670000 - 0x0000000077819000 	C:\Windows\SYSTEM32\ntdll.dll
0x0000000077450000 - 0x000000007756f000 	C:\Windows\system32\kernel32.dll
0x000007fefd580000 - 0x000007fefd5ec000 	C:\Windows\system32\KERNELBASE.dll
0x000007feff8a0000 - 0x000007feff97b000 	C:\Windows\system32\ADVAPI32.dll
0x000007fefddb0000 - 0x000007fefde4f000 	C:\Windows\system32\msvcrt.dll
0x000007fefeec0000 - 0x000007fefeedf000 	C:\Windows\SYSTEM32\sechost.dll
0x000007feff290000 - 0x000007feff3bd000 	C:\Windows\system32\RPCRT4.dll
0x0000000077570000 - 0x000000007766a000 	C:\Windows\system32\USER32.dll
0x000007fefdca0000 - 0x000007fefdd07000 	C:\Windows\system32\GDI32.dll
0x000007fefeee0000 - 0x000007fefeeee000 	C:\Windows\system32\LPK.dll
0x000007feff3c0000 - 0x000007feff489000 	C:\Windows\system32\USP10.dll
0x000007fefbd30000 - 0x000007fefbf24000 	C:\Windows\WinSxS\amd64_microsoft.windows.common-controls_6595b64144ccf1df_6.0.7601.18837_none_fa3b1e3d17594757\COMCTL32.dll
0x000007fefee40000 - 0x000007fefeeb1000 	C:\Windows\system32\SHLWAPI.dll
0x000007feff870000 - 0x000007feff89e000 	C:\Windows\system32\IMM32.DLL
0x000007feff4e0000 - 0x000007feff5e9000 	C:\Windows\system32\MSCTF.dll
0x0000000072750000 - 0x0000000072822000 	C:\Program Files\Java\jre1.8.0_60\bin\msvcr100.dll
0x000000006c900000 - 0x000000006d189000 	C:\Program Files\Java\jre1.8.0_60\bin\server\jvm.dll
0x000007fefc660000 - 0x000007fefc669000 	C:\Windows\system32\WSOCK32.dll
0x000007feff490000 - 0x000007feff4dd000 	C:\Windows\system32\WS2_32.dll
0x000007fefd9c0000 - 0x000007fefd9c8000 	C:\Windows\system32\NSI.dll
0x000007fef66e0000 - 0x000007fef671b000 	C:\Windows\system32\WINMM.dll
0x000007fefc650000 - 0x000007fefc65c000 	C:\Windows\system32\VERSION.dll
0x0000000077830000 - 0x0000000077837000 	C:\Windows\system32\PSAPI.DLL
0x0000000075120000 - 0x000000007512f000 	C:\Program Files\Java\jre1.8.0_60\bin\verify.dll
0x0000000074da0000 - 0x0000000074dc9000 	C:\Program Files\Java\jre1.8.0_60\bin\java.dll
0x0000000075100000 - 0x0000000075116000 	C:\Program Files\Java\jre1.8.0_60\bin\zip.dll
0x000007fefe0b0000 - 0x000007fefee39000 	C:\Windows\system32\SHELL32.dll
0x000007feff080000 - 0x000007feff283000 	C:\Windows\system32\ole32.dll
0x000007fefd430000 - 0x000007fefd43f000 	C:\Windows\system32\profapi.dll
0x00000000709a0000 - 0x0000000070b38000 	C:\Program Files\Java\jre1.8.0_60\bin\awt.dll
0x000007fefd880000 - 0x000007fefd957000 	C:\Windows\system32\OLEAUT32.dll
0x000007fefbb50000 - 0x000007fefbba6000 	C:\Windows\system32\uxtheme.dll
0x000007fefb720000 - 0x000007fefb738000 	C:\Windows\system32\dwmapi.dll
0x000007fefd2c0000 - 0x000007fefd2cf000 	C:\Windows\system32\CRYPTBASE.dll
0x000007feee090000 - 0x000007feee28f000 	C:\Windows\system32\d3d9.dll
0x000007fef9e00000 - 0x000007fef9e07000 	C:\Windows\system32\d3d8thk.dll
0x000007fef97d0000 - 0x000007fef97dd000 	C:\Windows\system32\atiu9p64.dll
0x000000006bd60000 - 0x000000006c197000 	C:\Windows\system32\atiumd64.dll
0x000000006ec60000 - 0x000000006eed1000 	C:\Windows\system32\atiumd6a.dll
0x0000000075030000 - 0x0000000075077000 	C:\Program Files\Java\jre1.8.0_60\bin\fontmanager.dll
0x0000000075000000 - 0x000000007501a000 	C:\Program Files\Java\jre1.8.0_60\bin\net.dll
0x000007fefcc00000 - 0x000007fefcc55000 	C:\Windows\system32\mswsock.dll
0x000007fefcbf0000 - 0x000007fefcbf7000 	C:\Windows\System32\wship6.dll
0x0000000074fe0000 - 0x0000000074ff1000 	C:\Program Files\Java\jre1.8.0_60\bin\nio.dll
0x0000000073d00000 - 0x0000000073d42000 	C:\Program Files\Java\jre1.8.0_60\bin\t2k.dll

VM Arguments:
jvm_args: -Dfile.encoding=Cp1251 
java_command: snakeGame.SnakeGame
java_class_path (initial): D:\Code\eclipseFX\workplaceFX\PlamenBleskovProjectSnake\bin;D:\Code\eclipseFX\plugins\org.eclipse.fx.ide.css.jfx8_2.1.0.201508240705.jar
Launcher Type: SUN_STANDARD

Environment Variables:
PATH=C:/Program Files/Java/jre1.8.0_60/bin/server;C:/Program Files/Java/jre1.8.0_60/bin;C:/Program Files/Java/jre1.8.0_60/lib/amd64;C:\ProgramData\Oracle\Java\javapath;C:\Program Files (x86)\AMD APP\bin\x86_64;C:\Program Files (x86)\AMD APP\bin\x86;C:\Windows\system32;C:\Windows;C:\Windows\System32\Wbem;C:\Windows\System32\WindowsPowerShell\v1.0\;C:\Program Files (x86)\Skype\Phone\;D:\Code\eclipseFX;
USERNAME=pacio
OS=Windows_NT
PROCESSOR_IDENTIFIER=Intel64 Family 6 Model 23 Stepping 10, GenuineIntel



---------------  S Y S T E M  ---------------

OS: Windows 7 , 64 bit Build 7601 (6.1.7601.18933)

CPU:total 2 (2 cores per cpu, 1 threads per core) family 6 model 23 stepping 10, cmov, cx8, fxsr, mmx, sse, sse2, sse3, ssse3, sse4.1, tsc

Memory: 4k page, physical 4087836k(457016k free), swap 16349504k(4052k free)

vm_info: Java HotSpot(TM) 64-Bit Server VM (25.60-b23) for windows-amd64 JRE (1.8.0_60-b27), built on Aug  4 2015 11:06:27 by "java_re" with MS VC++ 10.0 (VS2010)

time: Thu Nov 05 20:25:25 2015
elapsed time: 13 seconds (0d 0h 0m 13s)

